{"D:\\Front-End\\React\\Inception\\src\\components\\ContactUs.js": {"path":"D:\\Front-End\\React\\Inception\\src\\components\\ContactUs.js","statementMap":{"0":{"start":{"line":3,"column":18},"end":{"line":51,"column":1}},"1":{"start":{"line":4,"column":2},"end":{"line":50,"column":4}}},"fnMap":{"0":{"name":"(anonymous_0)","decl":{"start":{"line":3,"column":18},"end":{"line":3,"column":19}},"loc":{"start":{"line":3,"column":24},"end":{"line":51,"column":1}},"line":3}},"branchMap":{},"s":{"0":1,"1":5},"f":{"0":5},"b":{},"_coverageSchema":"1a1c01bbd47fc00a2c39e90264f33305004495a9","hash":"88be171632ad959477fff691702a48e5f32e947d"}
,"D:\\Front-End\\React\\Inception\\src\\components\\Header.js": {"path":"D:\\Front-End\\React\\Inception\\src\\components\\Header.js","statementMap":{"0":{"start":{"line":7,"column":15},"end":{"line":41,"column":1}},"1":{"start":{"line":8,"column":28},"end":{"line":8,"column":45}},"2":{"start":{"line":9,"column":25},"end":{"line":9,"column":42}},"3":{"start":{"line":13,"column":21},"end":{"line":13,"column":59}},"4":{"start":{"line":13,"column":42},"end":{"line":13,"column":58}},"5":{"start":{"line":16,"column":4},"end":{"line":40,"column":6}},"6":{"start":{"line":32,"column":24},"end":{"line":32,"column":79}},"7":{"start":{"line":33,"column":24},"end":{"line":33,"column":41}},"8":{"start":{"line":34,"column":24},"end":{"line":34,"column":46}}},"fnMap":{"0":{"name":"(anonymous_0)","decl":{"start":{"line":7,"column":15},"end":{"line":7,"column":16}},"loc":{"start":{"line":7,"column":21},"end":{"line":41,"column":1}},"line":7},"1":{"name":"(anonymous_1)","decl":{"start":{"line":13,"column":33},"end":{"line":13,"column":34}},"loc":{"start":{"line":13,"column":42},"end":{"line":13,"column":58}},"line":13},"2":{"name":"(anonymous_2)","decl":{"start":{"line":31,"column":123},"end":{"line":31,"column":124}},"loc":{"start":{"line":31,"column":127},"end":{"line":35,"column":21}},"line":31}},"branchMap":{"0":{"loc":{"start":{"line":30,"column":61},"end":{"line":30,"column":87}},"type":"cond-expr","locations":[{"start":{"line":30,"column":76},"end":{"line":30,"column":80}},{"start":{"line":30,"column":83},"end":{"line":30,"column":87}}],"line":30},"1":{"loc":{"start":{"line":32,"column":24},"end":{"line":32,"column":78}},"type":"cond-expr","locations":[{"start":{"line":32,"column":44},"end":{"line":32,"column":60}},{"start":{"line":32,"column":61},"end":{"line":32,"column":78}}],"line":32}},"s":{"0":1,"1":0,"2":0,"3":0,"4":0,"5":0,"6":0,"7":0,"8":0},"f":{"0":0,"1":0,"2":0},"b":{"0":[0,0],"1":[0,0]},"_coverageSchema":"1a1c01bbd47fc00a2c39e90264f33305004495a9","hash":"a70f46e372fe4141fcf887cac0707defc2f69b4e"}
,"D:\\Front-End\\React\\Inception\\src\\components\\RestaurantCard.js": {"path":"D:\\Front-End\\React\\Inception\\src\\components\\RestaurantCard.js","statementMap":{"0":{"start":{"line":2,"column":23},"end":{"line":36,"column":1}},"1":{"start":{"line":4,"column":24},"end":{"line":4,"column":29}},"2":{"start":{"line":5,"column":81},"end":{"line":5,"column":94}},"3":{"start":{"line":7,"column":4},"end":{"line":7,"column":24}},"4":{"start":{"line":10,"column":4},"end":{"line":35,"column":6}}},"fnMap":{"0":{"name":"(anonymous_0)","decl":{"start":{"line":2,"column":23},"end":{"line":2,"column":24}},"loc":{"start":{"line":2,"column":34},"end":{"line":36,"column":1}},"line":2}},"branchMap":{},"s":{"0":1,"1":1,"2":1,"3":1,"4":1},"f":{"0":1},"b":{},"_coverageSchema":"1a1c01bbd47fc00a2c39e90264f33305004495a9","hash":"db804f81b42919054ddfc484e1d406c1e7b3b7dc"}
,"D:\\Front-End\\React\\Inception\\src\\components\\RestaurantMenu.js": {"path":"D:\\Front-End\\React\\Inception\\src\\components\\RestaurantMenu.js","statementMap":{"0":{"start":{"line":7,"column":23},"end":{"line":40,"column":1}},"1":{"start":{"line":8,"column":20},"end":{"line":8,"column":31}},"2":{"start":{"line":9,"column":33},"end":{"line":9,"column":44}},"3":{"start":{"line":11,"column":20},"end":{"line":11,"column":44}},"4":{"start":{"line":14,"column":4},"end":{"line":15,"column":27}},"5":{"start":{"line":15,"column":8},"end":{"line":15,"column":27}},"6":{"start":{"line":17,"column":62},"end":{"line":17,"column":97}},"7":{"start":{"line":21,"column":17},"end":{"line":21,"column":77}},"8":{"start":{"line":23,"column":23},"end":{"line":23,"column":128}},"9":{"start":{"line":23,"column":39},"end":{"line":23,"column":127}},"10":{"start":{"line":26,"column":4},"end":{"line":39,"column":5}},"11":{"start":{"line":31,"column":47},"end":{"line":37,"column":15}},"12":{"start":{"line":36,"column":16},"end":{"line":36,"column":34}}},"fnMap":{"0":{"name":"(anonymous_0)","decl":{"start":{"line":7,"column":23},"end":{"line":7,"column":24}},"loc":{"start":{"line":7,"column":29},"end":{"line":40,"column":1}},"line":7},"1":{"name":"(anonymous_1)","decl":{"start":{"line":23,"column":35},"end":{"line":23,"column":36}},"loc":{"start":{"line":23,"column":39},"end":{"line":23,"column":127}},"line":23},"2":{"name":"(anonymous_2)","decl":{"start":{"line":31,"column":28},"end":{"line":31,"column":29}},"loc":{"start":{"line":31,"column":47},"end":{"line":37,"column":15}},"line":31},"3":{"name":"(anonymous_3)","decl":{"start":{"line":35,"column":25},"end":{"line":35,"column":26}},"loc":{"start":{"line":35,"column":29},"end":{"line":36,"column":35}},"line":35}},"branchMap":{"0":{"loc":{"start":{"line":14,"column":4},"end":{"line":15,"column":27}},"type":"if","locations":[{"start":{"line":14,"column":4},"end":{"line":15,"column":27}},{"start":{},"end":{}}],"line":14},"1":{"loc":{"start":{"line":34,"column":22},"end":{"line":34,"column":53}},"type":"cond-expr","locations":[{"start":{"line":34,"column":41},"end":{"line":34,"column":45}},{"start":{"line":34,"column":48},"end":{"line":34,"column":53}}],"line":34}},"s":{"0":1,"1":0,"2":0,"3":0,"4":0,"5":0,"6":0,"7":0,"8":0,"9":0,"10":0,"11":0,"12":0},"f":{"0":0,"1":0,"2":0,"3":0},"b":{"0":[0,0],"1":[0,0]},"_coverageSchema":"1a1c01bbd47fc00a2c39e90264f33305004495a9","hash":"14e01c3f89432890880c03f2c67a1ba78839d4a8"}
,"D:\\Front-End\\React\\Inception\\src\\utils\\appStore.js": {"path":"D:\\Front-End\\React\\Inception\\src\\utils\\appStore.js","statementMap":{"0":{"start":{"line":5,"column":15},"end":{"line":9,"column":2}}},"fnMap":{},"branchMap":{},"s":{"0":1},"f":{},"b":{},"_coverageSchema":"1a1c01bbd47fc00a2c39e90264f33305004495a9","hash":"f99690c84f9f3c55abfe17e843d3dbe026fc421b"}
}
