{"D:\\Front-End\\React\\Inception\\src\\components\\ContactUs.js": {"path":"D:\\Front-End\\React\\Inception\\src\\components\\ContactUs.js","statementMap":{"0":{"start":{"line":3,"column":18},"end":{"line":51,"column":1}},"1":{"start":{"line":4,"column":2},"end":{"line":50,"column":4}}},"fnMap":{"0":{"name":"(anonymous_0)","decl":{"start":{"line":3,"column":18},"end":{"line":3,"column":19}},"loc":{"start":{"line":3,"column":24},"end":{"line":51,"column":1}},"line":3}},"branchMap":{},"s":{"0":1,"1":5},"f":{"0":5},"b":{},"_coverageSchema":"1a1c01bbd47fc00a2c39e90264f33305004495a9","hash":"88be171632ad959477fff691702a48e5f32e947d"}
,"D:\\Front-End\\React\\Inception\\src\\components\\Header.js": {"path":"D:\\Front-End\\React\\Inception\\src\\components\\Header.js","statementMap":{"0":{"start":{"line":7,"column":15},"end":{"line":41,"column":1}},"1":{"start":{"line":8,"column":28},"end":{"line":8,"column":45}},"2":{"start":{"line":9,"column":25},"end":{"line":9,"column":42}},"3":{"start":{"line":13,"column":21},"end":{"line":13,"column":59}},"4":{"start":{"line":13,"column":42},"end":{"line":13,"column":58}},"5":{"start":{"line":16,"column":4},"end":{"line":40,"column":6}},"6":{"start":{"line":32,"column":24},"end":{"line":32,"column":79}},"7":{"start":{"line":33,"column":24},"end":{"line":33,"column":41}},"8":{"start":{"line":34,"column":24},"end":{"line":34,"column":46}}},"fnMap":{"0":{"name":"(anonymous_0)","decl":{"start":{"line":7,"column":15},"end":{"line":7,"column":16}},"loc":{"start":{"line":7,"column":21},"end":{"line":41,"column":1}},"line":7},"1":{"name":"(anonymous_1)","decl":{"start":{"line":13,"column":33},"end":{"line":13,"column":34}},"loc":{"start":{"line":13,"column":42},"end":{"line":13,"column":58}},"line":13},"2":{"name":"(anonymous_2)","decl":{"start":{"line":31,"column":123},"end":{"line":31,"column":124}},"loc":{"start":{"line":31,"column":127},"end":{"line":35,"column":21}},"line":31}},"branchMap":{"0":{"loc":{"start":{"line":30,"column":61},"end":{"line":30,"column":87}},"type":"cond-expr","locations":[{"start":{"line":30,"column":76},"end":{"line":30,"column":80}},{"start":{"line":30,"column":83},"end":{"line":30,"column":87}}],"line":30},"1":{"loc":{"start":{"line":32,"column":24},"end":{"line":32,"column":78}},"type":"cond-expr","locations":[{"start":{"line":32,"column":44},"end":{"line":32,"column":60}},{"start":{"line":32,"column":61},"end":{"line":32,"column":78}}],"line":32}},"s":{"0":1,"1":4,"2":4,"3":4,"4":7,"5":4,"6":1,"7":1,"8":1},"f":{"0":4,"1":7,"2":1},"b":{"0":[4,0],"1":[0,1]},"_coverageSchema":"1a1c01bbd47fc00a2c39e90264f33305004495a9","hash":"a70f46e372fe4141fcf887cac0707defc2f69b4e"}
,"D:\\Front-End\\React\\Inception\\src\\components\\sum.js": {"path":"D:\\Front-End\\React\\Inception\\src\\components\\sum.js","statementMap":{"0":{"start":{"line":1,"column":19},"end":{"line":3,"column":1}},"1":{"start":{"line":2,"column":4},"end":{"line":2,"column":17}}},"fnMap":{"0":{"name":"(anonymous_0)","decl":{"start":{"line":1,"column":19},"end":{"line":1,"column":20}},"loc":{"start":{"line":1,"column":26},"end":{"line":3,"column":1}},"line":1}},"branchMap":{},"s":{"0":1,"1":1},"f":{"0":1},"b":{},"_coverageSchema":"1a1c01bbd47fc00a2c39e90264f33305004495a9","hash":"c0fdfd11d3143702c7e42233c850b29c73a1d01b"}
,"D:\\Front-End\\React\\Inception\\src\\utils\\appStore.js": {"path":"D:\\Front-End\\React\\Inception\\src\\utils\\appStore.js","statementMap":{"0":{"start":{"line":5,"column":15},"end":{"line":9,"column":2}}},"fnMap":{},"branchMap":{},"s":{"0":1},"f":{},"b":{},"_coverageSchema":"1a1c01bbd47fc00a2c39e90264f33305004495a9","hash":"f99690c84f9f3c55abfe17e843d3dbe026fc421b"}
,"D:\\Front-End\\React\\Inception\\src\\utils\\cartSlice.js": {"path":"D:\\Front-End\\React\\Inception\\src\\utils\\cartSlice.js","statementMap":{"0":{"start":{"line":3,"column":18},"end":{"line":21,"column":2}},"1":{"start":{"line":12,"column":12},"end":{"line":12,"column":45}},"2":{"start":{"line":15,"column":12},"end":{"line":15,"column":30}},"3":{"start":{"line":18,"column":12},"end":{"line":18,"column":35}},"4":{"start":{"line":23,"column":46},"end":{"line":23,"column":63}}},"fnMap":{"0":{"name":"(anonymous_0)","decl":{"start":{"line":10,"column":17},"end":{"line":10,"column":18}},"loc":{"start":{"line":10,"column":33},"end":{"line":13,"column":9}},"line":10},"1":{"name":"(anonymous_1)","decl":{"start":{"line":14,"column":20},"end":{"line":14,"column":21}},"loc":{"start":{"line":14,"column":36},"end":{"line":16,"column":9}},"line":14},"2":{"name":"(anonymous_2)","decl":{"start":{"line":17,"column":19},"end":{"line":17,"column":20}},"loc":{"start":{"line":17,"column":29},"end":{"line":19,"column":9}},"line":17}},"branchMap":{},"s":{"0":1,"1":0,"2":0,"3":0,"4":1},"f":{"0":0,"1":0,"2":0},"b":{},"_coverageSchema":"1a1c01bbd47fc00a2c39e90264f33305004495a9","hash":"a73625cb51c0a8286cb8c07c9c599100528a4ec6"}
,"D:\\Front-End\\React\\Inception\\src\\utils\\constants.js": {"path":"D:\\Front-End\\React\\Inception\\src\\utils\\constants.js","statementMap":{"0":{"start":{"line":2,"column":22},"end":{"line":2,"column":59}},"1":{"start":{"line":3,"column":14},"end":{"line":3,"column":97}},"2":{"start":{"line":4,"column":26},"end":{"line":4,"column":143}}},"fnMap":{},"branchMap":{},"s":{"0":1,"1":1,"2":1},"f":{},"b":{},"_coverageSchema":"1a1c01bbd47fc00a2c39e90264f33305004495a9","hash":"392fb83ef061a40e798da8160ae42c4ac11c1117"}
,"D:\\Front-End\\React\\Inception\\src\\utils\\useOnlineStatus.js": {"path":"D:\\Front-End\\React\\Inception\\src\\utils\\useOnlineStatus.js","statementMap":{"0":{"start":{"line":3,"column":24},"end":{"line":12,"column":1}},"1":{"start":{"line":4,"column":44},"end":{"line":4,"column":58}},"2":{"start":{"line":6,"column":4},"end":{"line":9,"column":9}},"3":{"start":{"line":7,"column":8},"end":{"line":7,"column":78}},"4":{"start":{"line":7,"column":53},"end":{"line":7,"column":75}},"5":{"start":{"line":8,"column":8},"end":{"line":8,"column":80}},"6":{"start":{"line":8,"column":54},"end":{"line":8,"column":77}},"7":{"start":{"line":11,"column":4},"end":{"line":11,"column":24}}},"fnMap":{"0":{"name":"(anonymous_0)","decl":{"start":{"line":3,"column":24},"end":{"line":3,"column":25}},"loc":{"start":{"line":3,"column":30},"end":{"line":12,"column":1}},"line":3},"1":{"name":"(anonymous_1)","decl":{"start":{"line":6,"column":14},"end":{"line":6,"column":15}},"loc":{"start":{"line":6,"column":18},"end":{"line":9,"column":5}},"line":6},"2":{"name":"(anonymous_2)","decl":{"start":{"line":7,"column":41},"end":{"line":7,"column":42}},"loc":{"start":{"line":7,"column":52},"end":{"line":7,"column":76}},"line":7},"3":{"name":"(anonymous_3)","decl":{"start":{"line":8,"column":42},"end":{"line":8,"column":43}},"loc":{"start":{"line":8,"column":53},"end":{"line":8,"column":78}},"line":8}},"branchMap":{},"s":{"0":1,"1":4,"2":4,"3":3,"4":0,"5":3,"6":0,"7":4},"f":{"0":4,"1":3,"2":0,"3":0},"b":{},"_coverageSchema":"1a1c01bbd47fc00a2c39e90264f33305004495a9","hash":"97bcfe1d39cb329bf714b0f6b98229be0b4348ab"}
}
